cl : command line warning D9035: option 'Gm' has been deprecated and will be removed in a future release
  main.cpp
C:\Users\HuChi\Desktop\HocKiHe\2 Do Hoa May Tinh\BTL\BaiTHso3_2_project_Cube\GLSLExperiment\main.cpp(95,41): warning C4305: 'argument': truncation from 'double' to 'GLfloat'
C:\Users\HuChi\Desktop\HocKiHe\2 Do Hoa May Tinh\BTL\BaiTHso3_2_project_Cube\GLSLExperiment\main.cpp(140,28): warning C4305: 'initializing': truncation from 'double' to 'GLfloat'
C:\Users\HuChi\Desktop\HocKiHe\2 Do Hoa May Tinh\BTL\BaiTHso3_2_project_Cube\GLSLExperiment\main.cpp(168,30): warning C4305: 'argument': truncation from 'double' to 'GLfloat'
C:\Users\HuChi\Desktop\HocKiHe\2 Do Hoa May Tinh\BTL\BaiTHso3_2_project_Cube\GLSLExperiment\main.cpp(174,31): warning C4305: 'argument': truncation from 'double' to 'GLfloat'
C:\Users\HuChi\Desktop\HocKiHe\2 Do Hoa May Tinh\BTL\BaiTHso3_2_project_Cube\GLSLExperiment\main.cpp(180,32): warning C4305: 'argument': truncation from 'double' to 'GLfloat'
C:\Users\HuChi\Desktop\HocKiHe\2 Do Hoa May Tinh\BTL\BaiTHso3_2_project_Cube\GLSLExperiment\main.cpp(194,16): warning C4305: 'initializing': truncation from 'double' to 'GLfloat'
C:\Users\HuChi\Desktop\HocKiHe\2 Do Hoa May Tinh\BTL\BaiTHso3_2_project_Cube\GLSLExperiment\main.cpp(195,16): warning C4305: 'initializing': truncation from 'double' to 'GLfloat'
C:\Users\HuChi\Desktop\HocKiHe\2 Do Hoa May Tinh\BTL\BaiTHso3_2_project_Cube\GLSLExperiment\main.cpp(200,37): warning C4305: 'argument': truncation from 'double' to 'GLfloat'
C:\Users\HuChi\Desktop\HocKiHe\2 Do Hoa May Tinh\BTL\BaiTHso3_2_project_Cube\GLSLExperiment\main.cpp(205,37): warning C4305: 'argument': truncation from 'double' to 'GLfloat'
C:\Users\HuChi\Desktop\HocKiHe\2 Do Hoa May Tinh\BTL\BaiTHso3_2_project_Cube\GLSLExperiment\main.cpp(210,37): warning C4305: 'argument': truncation from 'double' to 'GLfloat'
C:\Users\HuChi\Desktop\HocKiHe\2 Do Hoa May Tinh\BTL\BaiTHso3_2_project_Cube\GLSLExperiment\main.cpp(212,37): warning C4305: 'argument': truncation from 'double' to 'GLfloat'
C:\Users\HuChi\Desktop\HocKiHe\2 Do Hoa May Tinh\BTL\BaiTHso3_2_project_Cube\GLSLExperiment\main.cpp(214,37): warning C4305: 'argument': truncation from 'double' to 'GLfloat'
C:\Users\HuChi\Desktop\HocKiHe\2 Do Hoa May Tinh\BTL\BaiTHso3_2_project_Cube\GLSLExperiment\main.cpp(216,37): warning C4305: 'argument': truncation from 'double' to 'GLfloat'
C:\Users\HuChi\Desktop\HocKiHe\2 Do Hoa May Tinh\BTL\BaiTHso3_2_project_Cube\GLSLExperiment\main.cpp(218,37): warning C4305: 'argument': truncation from 'double' to 'GLfloat'
C:\Users\HuChi\Desktop\HocKiHe\2 Do Hoa May Tinh\BTL\BaiTHso3_2_project_Cube\GLSLExperiment\main.cpp(220,37): warning C4305: 'argument': truncation from 'double' to 'GLfloat'
C:\Users\HuChi\Desktop\HocKiHe\2 Do Hoa May Tinh\BTL\BaiTHso3_2_project_Cube\GLSLExperiment\main.cpp(222,37): warning C4305: 'argument': truncation from 'double' to 'GLfloat'
C:\Users\HuChi\Desktop\HocKiHe\2 Do Hoa May Tinh\BTL\BaiTHso3_2_project_Cube\GLSLExperiment\main.cpp(224,37): warning C4305: 'argument': truncation from 'double' to 'GLfloat'
C:\Users\HuChi\Desktop\HocKiHe\2 Do Hoa May Tinh\BTL\BaiTHso3_2_project_Cube\GLSLExperiment\main.cpp(229,37): warning C4305: 'argument': truncation from 'double' to 'GLfloat'
C:\Users\HuChi\Desktop\HocKiHe\2 Do Hoa May Tinh\BTL\BaiTHso3_2_project_Cube\GLSLExperiment\main.cpp(231,36): warning C4305: 'argument': truncation from 'double' to 'GLfloat'
C:\Users\HuChi\Desktop\HocKiHe\2 Do Hoa May Tinh\BTL\BaiTHso3_2_project_Cube\GLSLExperiment\main.cpp(233,37): warning C4305: 'argument': truncation from 'double' to 'GLfloat'
C:\Users\HuChi\Desktop\HocKiHe\2 Do Hoa May Tinh\BTL\BaiTHso3_2_project_Cube\GLSLExperiment\main.cpp(235,36): warning C4305: 'argument': truncation from 'double' to 'GLfloat'
C:\Users\HuChi\Desktop\HocKiHe\2 Do Hoa May Tinh\BTL\BaiTHso3_2_project_Cube\GLSLExperiment\main.cpp(237,37): warning C4305: 'argument': truncation from 'double' to 'GLfloat'
C:\Users\HuChi\Desktop\HocKiHe\2 Do Hoa May Tinh\BTL\BaiTHso3_2_project_Cube\GLSLExperiment\main.cpp(239,37): warning C4305: 'argument': truncation from 'double' to 'GLfloat'
C:\Users\HuChi\Desktop\HocKiHe\2 Do Hoa May Tinh\BTL\BaiTHso3_2_project_Cube\GLSLExperiment\main.cpp(241,37): warning C4305: 'argument': truncation from 'double' to 'GLfloat'
C:\Users\HuChi\Desktop\HocKiHe\2 Do Hoa May Tinh\BTL\BaiTHso3_2_project_Cube\GLSLExperiment\main.cpp(243,37): warning C4305: 'argument': truncation from 'double' to 'GLfloat'
C:\Users\HuChi\Desktop\HocKiHe\2 Do Hoa May Tinh\BTL\BaiTHso3_2_project_Cube\GLSLExperiment\main.cpp(245,36): warning C4305: 'argument': truncation from 'double' to 'GLfloat'
C:\Users\HuChi\Desktop\HocKiHe\2 Do Hoa May Tinh\BTL\BaiTHso3_2_project_Cube\GLSLExperiment\main.cpp(247,37): warning C4305: 'argument': truncation from 'double' to 'GLfloat'
C:\Users\HuChi\Desktop\HocKiHe\2 Do Hoa May Tinh\BTL\BaiTHso3_2_project_Cube\GLSLExperiment\main.cpp(249,37): warning C4305: 'argument': truncation from 'double' to 'GLfloat'
C:\Users\HuChi\Desktop\HocKiHe\2 Do Hoa May Tinh\BTL\BaiTHso3_2_project_Cube\GLSLExperiment\main.cpp(254,37): warning C4305: 'argument': truncation from 'double' to 'GLfloat'
C:\Users\HuChi\Desktop\HocKiHe\2 Do Hoa May Tinh\BTL\BaiTHso3_2_project_Cube\GLSLExperiment\main.cpp(256,37): warning C4305: 'argument': truncation from 'double' to 'GLfloat'
C:\Users\HuChi\Desktop\HocKiHe\2 Do Hoa May Tinh\BTL\BaiTHso3_2_project_Cube\GLSLExperiment\main.cpp(258,37): warning C4305: 'argument': truncation from 'double' to 'GLfloat'
C:\Users\HuChi\Desktop\HocKiHe\2 Do Hoa May Tinh\BTL\BaiTHso3_2_project_Cube\GLSLExperiment\main.cpp(260,37): warning C4305: 'argument': truncation from 'double' to 'GLfloat'
C:\Users\HuChi\Desktop\HocKiHe\2 Do Hoa May Tinh\BTL\BaiTHso3_2_project_Cube\GLSLExperiment\main.cpp(262,36): warning C4305: 'argument': truncation from 'double' to 'GLfloat'
C:\Users\HuChi\Desktop\HocKiHe\2 Do Hoa May Tinh\BTL\BaiTHso3_2_project_Cube\GLSLExperiment\main.cpp(264,37): warning C4305: 'argument': truncation from 'double' to 'GLfloat'
C:\Users\HuChi\Desktop\HocKiHe\2 Do Hoa May Tinh\BTL\BaiTHso3_2_project_Cube\GLSLExperiment\main.cpp(266,37): warning C4305: 'argument': truncation from 'double' to 'GLfloat'
C:\Users\HuChi\Desktop\HocKiHe\2 Do Hoa May Tinh\BTL\BaiTHso3_2_project_Cube\GLSLExperiment\main.cpp(268,36): warning C4305: 'argument': truncation from 'double' to 'GLfloat'
C:\Users\HuChi\Desktop\HocKiHe\2 Do Hoa May Tinh\BTL\BaiTHso3_2_project_Cube\GLSLExperiment\main.cpp(270,37): warning C4305: 'argument': truncation from 'double' to 'GLfloat'
C:\Users\HuChi\Desktop\HocKiHe\2 Do Hoa May Tinh\BTL\BaiTHso3_2_project_Cube\GLSLExperiment\main.cpp(272,37): warning C4305: 'argument': truncation from 'double' to 'GLfloat'
C:\Users\HuChi\Desktop\HocKiHe\2 Do Hoa May Tinh\BTL\BaiTHso3_2_project_Cube\GLSLExperiment\main.cpp(274,37): warning C4305: 'argument': truncation from 'double' to 'GLfloat'
C:\Users\HuChi\Desktop\HocKiHe\2 Do Hoa May Tinh\BTL\BaiTHso3_2_project_Cube\GLSLExperiment\main.cpp(276,36): warning C4305: 'argument': truncation from 'double' to 'GLfloat'
C:\Users\HuChi\Desktop\HocKiHe\2 Do Hoa May Tinh\BTL\BaiTHso3_2_project_Cube\GLSLExperiment\main.cpp(278,37): warning C4305: 'argument': truncation from 'double' to 'GLfloat'
C:\Users\HuChi\Desktop\HocKiHe\2 Do Hoa May Tinh\BTL\BaiTHso3_2_project_Cube\GLSLExperiment\main.cpp(280,37): warning C4305: 'argument': truncation from 'double' to 'GLfloat'
C:\Users\HuChi\Desktop\HocKiHe\2 Do Hoa May Tinh\BTL\BaiTHso3_2_project_Cube\GLSLExperiment\main.cpp(286,36): warning C4305: 'argument': truncation from 'double' to 'GLfloat'
C:\Users\HuChi\Desktop\HocKiHe\2 Do Hoa May Tinh\BTL\BaiTHso3_2_project_Cube\GLSLExperiment\main.cpp(288,37): warning C4305: 'argument': truncation from 'double' to 'GLfloat'
C:\Users\HuChi\Desktop\HocKiHe\2 Do Hoa May Tinh\BTL\BaiTHso3_2_project_Cube\GLSLExperiment\main.cpp(290,37): warning C4305: 'argument': truncation from 'double' to 'GLfloat'
C:\Users\HuChi\Desktop\HocKiHe\2 Do Hoa May Tinh\BTL\BaiTHso3_2_project_Cube\GLSLExperiment\main.cpp(292,37): warning C4305: 'argument': truncation from 'double' to 'GLfloat'
C:\Users\HuChi\Desktop\HocKiHe\2 Do Hoa May Tinh\BTL\BaiTHso3_2_project_Cube\GLSLExperiment\main.cpp(297,38): warning C4305: 'argument': truncation from 'double' to 'GLfloat'
C:\Users\HuChi\Desktop\HocKiHe\2 Do Hoa May Tinh\BTL\BaiTHso3_2_project_Cube\GLSLExperiment\main.cpp(302,37): warning C4305: 'argument': truncation from 'double' to 'GLfloat'
C:\Users\HuChi\Desktop\HocKiHe\2 Do Hoa May Tinh\BTL\BaiTHso3_2_project_Cube\GLSLExperiment\main.cpp(306,37): warning C4305: 'argument': truncation from 'double' to 'GLfloat'
C:\Users\HuChi\Desktop\HocKiHe\2 Do Hoa May Tinh\BTL\BaiTHso3_2_project_Cube\GLSLExperiment\main.cpp(310,37): warning C4305: 'argument': truncation from 'double' to 'GLfloat'
C:\Users\HuChi\Desktop\HocKiHe\2 Do Hoa May Tinh\BTL\BaiTHso3_2_project_Cube\GLSLExperiment\main.cpp(314,38): warning C4305: 'argument': truncation from 'double' to 'GLfloat'
C:\Users\HuChi\Desktop\HocKiHe\2 Do Hoa May Tinh\BTL\BaiTHso3_2_project_Cube\GLSLExperiment\main.cpp(318,37): warning C4305: 'argument': truncation from 'double' to 'GLfloat'
C:\Users\HuChi\Desktop\HocKiHe\2 Do Hoa May Tinh\BTL\BaiTHso3_2_project_Cube\GLSLExperiment\main.cpp(322,37): warning C4305: 'argument': truncation from 'double' to 'GLfloat'
C:\Users\HuChi\Desktop\HocKiHe\2 Do Hoa May Tinh\BTL\BaiTHso3_2_project_Cube\GLSLExperiment\main.cpp(326,38): warning C4305: 'argument': truncation from 'double' to 'GLfloat'
C:\Users\HuChi\Desktop\HocKiHe\2 Do Hoa May Tinh\BTL\BaiTHso3_2_project_Cube\GLSLExperiment\main.cpp(330,37): warning C4305: 'argument': truncation from 'double' to 'GLfloat'
C:\Users\HuChi\Desktop\HocKiHe\2 Do Hoa May Tinh\BTL\BaiTHso3_2_project_Cube\GLSLExperiment\main.cpp(334,37): warning C4305: 'argument': truncation from 'double' to 'GLfloat'
C:\Users\HuChi\Desktop\HocKiHe\2 Do Hoa May Tinh\BTL\BaiTHso3_2_project_Cube\GLSLExperiment\main.cpp(338,37): warning C4305: 'argument': truncation from 'double' to 'GLfloat'
C:\Users\HuChi\Desktop\HocKiHe\2 Do Hoa May Tinh\BTL\BaiTHso3_2_project_Cube\GLSLExperiment\main.cpp(342,37): warning C4305: 'argument': truncation from 'double' to 'GLfloat'
C:\Users\HuChi\Desktop\HocKiHe\2 Do Hoa May Tinh\BTL\BaiTHso3_2_project_Cube\GLSLExperiment\main.cpp(346,37): warning C4305: 'argument': truncation from 'double' to 'GLfloat'
C:\Users\HuChi\Desktop\HocKiHe\2 Do Hoa May Tinh\BTL\BaiTHso3_2_project_Cube\GLSLExperiment\main.cpp(350,38): warning C4305: 'argument': truncation from 'double' to 'GLfloat'
C:\Users\HuChi\Desktop\HocKiHe\2 Do Hoa May Tinh\BTL\BaiTHso3_2_project_Cube\GLSLExperiment\main.cpp(354,38): warning C4305: 'argument': truncation from 'double' to 'GLfloat'
C:\Users\HuChi\Desktop\HocKiHe\2 Do Hoa May Tinh\BTL\BaiTHso3_2_project_Cube\GLSLExperiment\main.cpp(358,37): warning C4305: 'argument': truncation from 'double' to 'GLfloat'
C:\Users\HuChi\Desktop\HocKiHe\2 Do Hoa May Tinh\BTL\BaiTHso3_2_project_Cube\GLSLExperiment\main.cpp(362,37): warning C4305: 'argument': truncation from 'double' to 'GLfloat'
C:\Users\HuChi\Desktop\HocKiHe\2 Do Hoa May Tinh\BTL\BaiTHso3_2_project_Cube\GLSLExperiment\main.cpp(366,38): warning C4305: 'argument': truncation from 'double' to 'GLfloat'
C:\Users\HuChi\Desktop\HocKiHe\2 Do Hoa May Tinh\BTL\BaiTHso3_2_project_Cube\GLSLExperiment\main.cpp(370,38): warning C4305: 'argument': truncation from 'double' to 'GLfloat'
C:\Users\HuChi\Desktop\HocKiHe\2 Do Hoa May Tinh\BTL\BaiTHso3_2_project_Cube\GLSLExperiment\main.cpp(374,37): warning C4305: 'argument': truncation from 'double' to 'GLfloat'
C:\Users\HuChi\Desktop\HocKiHe\2 Do Hoa May Tinh\BTL\BaiTHso3_2_project_Cube\GLSLExperiment\main.cpp(378,37): warning C4305: 'argument': truncation from 'double' to 'GLfloat'
C:\Users\HuChi\Desktop\HocKiHe\2 Do Hoa May Tinh\BTL\BaiTHso3_2_project_Cube\GLSLExperiment\main.cpp(383,38): warning C4305: 'argument': truncation from 'double' to 'GLfloat'
C:\Users\HuChi\Desktop\HocKiHe\2 Do Hoa May Tinh\BTL\BaiTHso3_2_project_Cube\GLSLExperiment\main.cpp(387,33): warning C4305: 'argument': truncation from 'double' to 'GLfloat'
C:\Users\HuChi\Desktop\HocKiHe\2 Do Hoa May Tinh\BTL\BaiTHso3_2_project_Cube\GLSLExperiment\main.cpp(388,33): warning C4305: 'argument': truncation from 'double' to 'GLfloat'
C:\Users\HuChi\Desktop\HocKiHe\2 Do Hoa May Tinh\BTL\BaiTHso3_2_project_Cube\GLSLExperiment\main.cpp(389,33): warning C4305: 'argument': truncation from 'double' to 'GLfloat'
C:\Users\HuChi\Desktop\HocKiHe\2 Do Hoa May Tinh\BTL\BaiTHso3_2_project_Cube\GLSLExperiment\main.cpp(390,33): warning C4305: 'argument': truncation from 'double' to 'GLfloat'
C:\Users\HuChi\Desktop\HocKiHe\2 Do Hoa May Tinh\BTL\BaiTHso3_2_project_Cube\GLSLExperiment\main.cpp(391,33): warning C4305: 'argument': truncation from 'double' to 'GLfloat'
C:\Users\HuChi\Desktop\HocKiHe\2 Do Hoa May Tinh\BTL\BaiTHso3_2_project_Cube\GLSLExperiment\main.cpp(395,31): warning C4305: 'argument': truncation from 'double' to 'GLfloat'
C:\Users\HuChi\Desktop\HocKiHe\2 Do Hoa May Tinh\BTL\BaiTHso3_2_project_Cube\GLSLExperiment\main.cpp(398,30): warning C4305: 'argument': truncation from 'double' to 'GLfloat'
C:\Users\HuChi\Desktop\HocKiHe\2 Do Hoa May Tinh\BTL\BaiTHso3_2_project_Cube\GLSLExperiment\main.cpp(401,31): warning C4305: 'argument': truncation from 'double' to 'GLfloat'
C:\Users\HuChi\Desktop\HocKiHe\2 Do Hoa May Tinh\BTL\BaiTHso3_2_project_Cube\GLSLExperiment\main.cpp(402,31): warning C4305: 'argument': truncation from 'double' to 'GLfloat'
C:\Users\HuChi\Desktop\HocKiHe\2 Do Hoa May Tinh\BTL\BaiTHso3_2_project_Cube\GLSLExperiment\main.cpp(403,31): warning C4305: 'argument': truncation from 'double' to 'GLfloat'
C:\Users\HuChi\Desktop\HocKiHe\2 Do Hoa May Tinh\BTL\BaiTHso3_2_project_Cube\GLSLExperiment\main.cpp(404,31): warning C4305: 'argument': truncation from 'double' to 'GLfloat'
C:\Users\HuChi\Desktop\HocKiHe\2 Do Hoa May Tinh\BTL\BaiTHso3_2_project_Cube\GLSLExperiment\main.cpp(405,31): warning C4305: 'argument': truncation from 'double' to 'GLfloat'
C:\Users\HuChi\Desktop\HocKiHe\2 Do Hoa May Tinh\BTL\BaiTHso3_2_project_Cube\GLSLExperiment\main.cpp(406,31): warning C4305: 'argument': truncation from 'double' to 'GLfloat'
C:\Users\HuChi\Desktop\HocKiHe\2 Do Hoa May Tinh\BTL\BaiTHso3_2_project_Cube\GLSLExperiment\main.cpp(407,32): warning C4305: 'argument': truncation from 'double' to 'GLfloat'
C:\Users\HuChi\Desktop\HocKiHe\2 Do Hoa May Tinh\BTL\BaiTHso3_2_project_Cube\GLSLExperiment\main.cpp(408,31): warning C4305: 'argument': truncation from 'double' to 'GLfloat'
C:\Users\HuChi\Desktop\HocKiHe\2 Do Hoa May Tinh\BTL\BaiTHso3_2_project_Cube\GLSLExperiment\main.cpp(409,32): warning C4305: 'argument': truncation from 'double' to 'GLfloat'
C:\Users\HuChi\Desktop\HocKiHe\2 Do Hoa May Tinh\BTL\BaiTHso3_2_project_Cube\GLSLExperiment\main.cpp(410,32): warning C4305: 'argument': truncation from 'double' to 'GLfloat'
C:\Users\HuChi\Desktop\HocKiHe\2 Do Hoa May Tinh\BTL\BaiTHso3_2_project_Cube\GLSLExperiment\main.cpp(411,31): warning C4305: 'argument': truncation from 'double' to 'GLfloat'
C:\Users\HuChi\Desktop\HocKiHe\2 Do Hoa May Tinh\BTL\BaiTHso3_2_project_Cube\GLSLExperiment\main.cpp(412,33): warning C4305: 'argument': truncation from 'double' to 'GLfloat'
C:\Users\HuChi\Desktop\HocKiHe\2 Do Hoa May Tinh\BTL\BaiTHso3_2_project_Cube\GLSLExperiment\main.cpp(413,32): warning C4305: 'argument': truncation from 'double' to 'GLfloat'
C:\Users\HuChi\Desktop\HocKiHe\2 Do Hoa May Tinh\BTL\BaiTHso3_2_project_Cube\GLSLExperiment\main.cpp(414,33): warning C4305: 'argument': truncation from 'double' to 'GLfloat'
C:\Users\HuChi\Desktop\HocKiHe\2 Do Hoa May Tinh\BTL\BaiTHso3_2_project_Cube\GLSLExperiment\main.cpp(415,32): warning C4305: 'argument': truncation from 'double' to 'GLfloat'
C:\Users\HuChi\Desktop\HocKiHe\2 Do Hoa May Tinh\BTL\BaiTHso3_2_project_Cube\GLSLExperiment\main.cpp(416,31): warning C4305: 'argument': truncation from 'double' to 'GLfloat'
C:\Users\HuChi\Desktop\HocKiHe\2 Do Hoa May Tinh\BTL\BaiTHso3_2_project_Cube\GLSLExperiment\main.cpp(417,32): warning C4305: 'argument': truncation from 'double' to 'GLfloat'
C:\Users\HuChi\Desktop\HocKiHe\2 Do Hoa May Tinh\BTL\BaiTHso3_2_project_Cube\GLSLExperiment\main.cpp(418,32): warning C4305: 'argument': truncation from 'double' to 'GLfloat'
C:\Users\HuChi\Desktop\HocKiHe\2 Do Hoa May Tinh\BTL\BaiTHso3_2_project_Cube\GLSLExperiment\main.cpp(419,32): warning C4305: 'argument': truncation from 'double' to 'GLfloat'
C:\Users\HuChi\Desktop\HocKiHe\2 Do Hoa May Tinh\BTL\BaiTHso3_2_project_Cube\GLSLExperiment\main.cpp(420,32): warning C4305: 'argument': truncation from 'double' to 'GLfloat'
C:\Users\HuChi\Desktop\HocKiHe\2 Do Hoa May Tinh\BTL\BaiTHso3_2_project_Cube\GLSLExperiment\main.cpp(423,29): warning C4305: 'argument': truncation from 'double' to 'GLfloat'
C:\Users\HuChi\Desktop\HocKiHe\2 Do Hoa May Tinh\BTL\BaiTHso3_2_project_Cube\GLSLExperiment\main.cpp(426,31): warning C4305: 'argument': truncation from 'double' to 'GLfloat'
C:\Users\HuChi\Desktop\HocKiHe\2 Do Hoa May Tinh\BTL\BaiTHso3_2_project_Cube\GLSLExperiment\main.cpp(427,31): warning C4305: 'argument': truncation from 'double' to 'GLfloat'
C:\Users\HuChi\Desktop\HocKiHe\2 Do Hoa May Tinh\BTL\BaiTHso3_2_project_Cube\GLSLExperiment\main.cpp(428,31): warning C4305: 'argument': truncation from 'double' to 'GLfloat'
C:\Users\HuChi\Desktop\HocKiHe\2 Do Hoa May Tinh\BTL\BaiTHso3_2_project_Cube\GLSLExperiment\main.cpp(429,31): warning C4305: 'argument': truncation from 'double' to 'GLfloat'
C:\Users\HuChi\Desktop\HocKiHe\2 Do Hoa May Tinh\BTL\BaiTHso3_2_project_Cube\GLSLExperiment\main.cpp(430,31): warning C4305: 'argument': truncation from 'double' to 'GLfloat'
C:\Users\HuChi\Desktop\HocKiHe\2 Do Hoa May Tinh\BTL\BaiTHso3_2_project_Cube\GLSLExperiment\main.cpp(431,30): warning C4305: 'argument': truncation from 'double' to 'GLfloat'
C:\Users\HuChi\Desktop\HocKiHe\2 Do Hoa May Tinh\BTL\BaiTHso3_2_project_Cube\GLSLExperiment\main.cpp(432,31): warning C4305: 'argument': truncation from 'double' to 'GLfloat'
C:\Users\HuChi\Desktop\HocKiHe\2 Do Hoa May Tinh\BTL\BaiTHso3_2_project_Cube\GLSLExperiment\main.cpp(433,32): warning C4305: 'argument': truncation from 'double' to 'GLfloat'
C:\Users\HuChi\Desktop\HocKiHe\2 Do Hoa May Tinh\BTL\BaiTHso3_2_project_Cube\GLSLExperiment\main.cpp(434,32): warning C4305: 'argument': truncation from 'double' to 'GLfloat'
C:\Users\HuChi\Desktop\HocKiHe\2 Do Hoa May Tinh\BTL\BaiTHso3_2_project_Cube\GLSLExperiment\main.cpp(435,32): warning C4305: 'argument': truncation from 'double' to 'GLfloat'
C:\Users\HuChi\Desktop\HocKiHe\2 Do Hoa May Tinh\BTL\BaiTHso3_2_project_Cube\GLSLExperiment\main.cpp(436,32): warning C4305: 'argument': truncation from 'double' to 'GLfloat'
C:\Users\HuChi\Desktop\HocKiHe\2 Do Hoa May Tinh\BTL\BaiTHso3_2_project_Cube\GLSLExperiment\main.cpp(437,32): warning C4305: 'argument': truncation from 'double' to 'GLfloat'
C:\Users\HuChi\Desktop\HocKiHe\2 Do Hoa May Tinh\BTL\BaiTHso3_2_project_Cube\GLSLExperiment\main.cpp(438,32): warning C4305: 'argument': truncation from 'double' to 'GLfloat'
C:\Users\HuChi\Desktop\HocKiHe\2 Do Hoa May Tinh\BTL\BaiTHso3_2_project_Cube\GLSLExperiment\main.cpp(439,32): warning C4305: 'argument': truncation from 'double' to 'GLfloat'
C:\Users\HuChi\Desktop\HocKiHe\2 Do Hoa May Tinh\BTL\BaiTHso3_2_project_Cube\GLSLExperiment\main.cpp(440,32): warning C4305: 'argument': truncation from 'double' to 'GLfloat'
C:\Users\HuChi\Desktop\HocKiHe\2 Do Hoa May Tinh\BTL\BaiTHso3_2_project_Cube\GLSLExperiment\main.cpp(456,38): warning C4305: 'argument': truncation from 'double' to 'GLfloat'
C:\Users\HuChi\Desktop\HocKiHe\2 Do Hoa May Tinh\BTL\BaiTHso3_2_project_Cube\GLSLExperiment\main.cpp(460,38): warning C4305: 'argument': truncation from 'double' to 'GLfloat'
C:\Users\HuChi\Desktop\HocKiHe\2 Do Hoa May Tinh\BTL\BaiTHso3_2_project_Cube\GLSLExperiment\main.cpp(464,37): warning C4305: 'argument': truncation from 'double' to 'GLfloat'
C:\Users\HuChi\Desktop\HocKiHe\2 Do Hoa May Tinh\BTL\BaiTHso3_2_project_Cube\GLSLExperiment\main.cpp(468,38): warning C4305: 'argument': truncation from 'double' to 'GLfloat'
C:\Users\HuChi\Desktop\HocKiHe\2 Do Hoa May Tinh\BTL\BaiTHso3_2_project_Cube\GLSLExperiment\main.cpp(472,38): warning C4305: 'argument': truncation from 'double' to 'GLfloat'
C:\Users\HuChi\Desktop\HocKiHe\2 Do Hoa May Tinh\BTL\BaiTHso3_2_project_Cube\GLSLExperiment\main.cpp(476,38): warning C4305: 'argument': truncation from 'double' to 'GLfloat'
C:\Users\HuChi\Desktop\HocKiHe\2 Do Hoa May Tinh\BTL\BaiTHso3_2_project_Cube\GLSLExperiment\main.cpp(480,38): warning C4305: 'argument': truncation from 'double' to 'GLfloat'
C:\Users\HuChi\Desktop\HocKiHe\2 Do Hoa May Tinh\BTL\BaiTHso3_2_project_Cube\GLSLExperiment\main.cpp(484,38): warning C4305: 'argument': truncation from 'double' to 'GLfloat'
C:\Users\HuChi\Desktop\HocKiHe\2 Do Hoa May Tinh\BTL\BaiTHso3_2_project_Cube\GLSLExperiment\main.cpp(488,38): warning C4305: 'argument': truncation from 'double' to 'GLfloat'
C:\Users\HuChi\Desktop\HocKiHe\2 Do Hoa May Tinh\BTL\BaiTHso3_2_project_Cube\GLSLExperiment\main.cpp(492,38): warning C4305: 'argument': truncation from 'double' to 'GLfloat'
C:\Users\HuChi\Desktop\HocKiHe\2 Do Hoa May Tinh\BTL\BaiTHso3_2_project_Cube\GLSLExperiment\main.cpp(496,36): warning C4305: 'argument': truncation from 'double' to 'GLfloat'
C:\Users\HuChi\Desktop\HocKiHe\2 Do Hoa May Tinh\BTL\BaiTHso3_2_project_Cube\GLSLExperiment\main.cpp(500,37): warning C4305: 'argument': truncation from 'double' to 'GLfloat'
C:\Users\HuChi\Desktop\HocKiHe\2 Do Hoa May Tinh\BTL\BaiTHso3_2_project_Cube\GLSLExperiment\main.cpp(504,38): warning C4305: 'argument': truncation from 'double' to 'GLfloat'
C:\Users\HuChi\Desktop\HocKiHe\2 Do Hoa May Tinh\BTL\BaiTHso3_2_project_Cube\GLSLExperiment\main.cpp(508,38): warning C4305: 'argument': truncation from 'double' to 'GLfloat'
C:\Users\HuChi\Desktop\HocKiHe\2 Do Hoa May Tinh\BTL\BaiTHso3_2_project_Cube\GLSLExperiment\main.cpp(512,39): warning C4305: 'argument': truncation from 'double' to 'GLfloat'
C:\Users\HuChi\Desktop\HocKiHe\2 Do Hoa May Tinh\BTL\BaiTHso3_2_project_Cube\GLSLExperiment\main.cpp(515,31): warning C4305: 'argument': truncation from 'double' to 'GLfloat'
C:\Users\HuChi\Desktop\HocKiHe\2 Do Hoa May Tinh\BTL\BaiTHso3_2_project_Cube\GLSLExperiment\main.cpp(516,31): warning C4305: 'argument': truncation from 'double' to 'GLfloat'
C:\Users\HuChi\Desktop\HocKiHe\2 Do Hoa May Tinh\BTL\BaiTHso3_2_project_Cube\GLSLExperiment\main.cpp(517,31): warning C4305: 'argument': truncation from 'double' to 'GLfloat'
C:\Users\HuChi\Desktop\HocKiHe\2 Do Hoa May Tinh\BTL\BaiTHso3_2_project_Cube\GLSLExperiment\main.cpp(518,31): warning C4305: 'argument': truncation from 'double' to 'GLfloat'
C:\Users\HuChi\Desktop\HocKiHe\2 Do Hoa May Tinh\BTL\BaiTHso3_2_project_Cube\GLSLExperiment\main.cpp(519,31): warning C4305: 'argument': truncation from 'double' to 'GLfloat'
C:\Users\HuChi\Desktop\HocKiHe\2 Do Hoa May Tinh\BTL\BaiTHso3_2_project_Cube\GLSLExperiment\main.cpp(520,31): warning C4305: 'argument': truncation from 'double' to 'GLfloat'
C:\Users\HuChi\Desktop\HocKiHe\2 Do Hoa May Tinh\BTL\BaiTHso3_2_project_Cube\GLSLExperiment\main.cpp(521,31): warning C4305: 'argument': truncation from 'double' to 'GLfloat'
C:\Users\HuChi\Desktop\HocKiHe\2 Do Hoa May Tinh\BTL\BaiTHso3_2_project_Cube\GLSLExperiment\main.cpp(522,27): warning C4305: 'argument': truncation from 'double' to 'GLfloat'
C:\Users\HuChi\Desktop\HocKiHe\2 Do Hoa May Tinh\BTL\BaiTHso3_2_project_Cube\GLSLExperiment\main.cpp(523,30): warning C4305: 'argument': truncation from 'double' to 'GLfloat'
C:\Users\HuChi\Desktop\HocKiHe\2 Do Hoa May Tinh\BTL\BaiTHso3_2_project_Cube\GLSLExperiment\main.cpp(524,31): warning C4305: 'argument': truncation from 'double' to 'GLfloat'
C:\Users\HuChi\Desktop\HocKiHe\2 Do Hoa May Tinh\BTL\BaiTHso3_2_project_Cube\GLSLExperiment\main.cpp(525,28): warning C4305: 'argument': truncation from 'double' to 'GLfloat'
C:\Users\HuChi\Desktop\HocKiHe\2 Do Hoa May Tinh\BTL\BaiTHso3_2_project_Cube\GLSLExperiment\main.cpp(526,30): warning C4305: 'argument': truncation from 'double' to 'GLfloat'
C:\Users\HuChi\Desktop\HocKiHe\2 Do Hoa May Tinh\BTL\BaiTHso3_2_project_Cube\GLSLExperiment\main.cpp(527,31): warning C4305: 'argument': truncation from 'double' to 'GLfloat'
C:\Users\HuChi\Desktop\HocKiHe\2 Do Hoa May Tinh\BTL\BaiTHso3_2_project_Cube\GLSLExperiment\main.cpp(528,31): warning C4305: 'argument': truncation from 'double' to 'GLfloat'
C:\Users\HuChi\Desktop\HocKiHe\2 Do Hoa May Tinh\BTL\BaiTHso3_2_project_Cube\GLSLExperiment\main.cpp(529,28): warning C4305: 'argument': truncation from 'double' to 'GLfloat'
C:\Users\HuChi\Desktop\HocKiHe\2 Do Hoa May Tinh\BTL\BaiTHso3_2_project_Cube\GLSLExperiment\main.cpp(530,28): warning C4305: 'argument': truncation from 'double' to 'GLfloat'
C:\Users\HuChi\Desktop\HocKiHe\2 Do Hoa May Tinh\BTL\BaiTHso3_2_project_Cube\GLSLExperiment\main.cpp(539,65): warning C4305: 'argument': truncation from 'double' to 'const GLfloat'
C:\Users\HuChi\Desktop\HocKiHe\2 Do Hoa May Tinh\BTL\BaiTHso3_2_project_Cube\GLSLExperiment\main.cpp(539,94): warning C4305: 'argument': truncation from 'double' to 'const GLfloat'
C:\Users\HuChi\Desktop\HocKiHe\2 Do Hoa May Tinh\BTL\BaiTHso3_2_project_Cube\GLSLExperiment\main.cpp(540,36): warning C4305: 'argument': truncation from 'double' to 'GLfloat'
C:\Users\HuChi\Desktop\HocKiHe\2 Do Hoa May Tinh\BTL\BaiTHso3_2_project_Cube\GLSLExperiment\main.cpp(541,72): warning C4305: 'argument': truncation from 'double' to 'const GLfloat'
C:\Users\HuChi\Desktop\HocKiHe\2 Do Hoa May Tinh\BTL\BaiTHso3_2_project_Cube\GLSLExperiment\main.cpp(542,37): warning C4305: 'argument': truncation from 'double' to 'GLfloat'
C:\Users\HuChi\Desktop\HocKiHe\2 Do Hoa May Tinh\BTL\BaiTHso3_2_project_Cube\GLSLExperiment\main.cpp(543,63): warning C4305: 'argument': truncation from 'double' to 'const GLfloat'
C:\Users\HuChi\Desktop\HocKiHe\2 Do Hoa May Tinh\BTL\BaiTHso3_2_project_Cube\GLSLExperiment\main.cpp(543,92): warning C4305: 'argument': truncation from 'double' to 'const GLfloat'
C:\Users\HuChi\Desktop\HocKiHe\2 Do Hoa May Tinh\BTL\BaiTHso3_2_project_Cube\GLSLExperiment\main.cpp(544,36): warning C4305: 'argument': truncation from 'double' to 'GLfloat'
C:\Users\HuChi\Desktop\HocKiHe\2 Do Hoa May Tinh\BTL\BaiTHso3_2_project_Cube\GLSLExperiment\main.cpp(545,63): warning C4305: 'argument': truncation from 'double' to 'const GLfloat'
C:\Users\HuChi\Desktop\HocKiHe\2 Do Hoa May Tinh\BTL\BaiTHso3_2_project_Cube\GLSLExperiment\main.cpp(545,93): warning C4305: 'argument': truncation from 'double' to 'const GLfloat'
C:\Users\HuChi\Desktop\HocKiHe\2 Do Hoa May Tinh\BTL\BaiTHso3_2_project_Cube\GLSLExperiment\main.cpp(546,36): warning C4305: 'argument': truncation from 'double' to 'GLfloat'
C:\Users\HuChi\Desktop\HocKiHe\2 Do Hoa May Tinh\BTL\BaiTHso3_2_project_Cube\GLSLExperiment\main.cpp(547,63): warning C4305: 'argument': truncation from 'double' to 'const GLfloat'
C:\Users\HuChi\Desktop\HocKiHe\2 Do Hoa May Tinh\BTL\BaiTHso3_2_project_Cube\GLSLExperiment\main.cpp(547,91): warning C4305: 'argument': truncation from 'double' to 'const GLfloat'
C:\Users\HuChi\Desktop\HocKiHe\2 Do Hoa May Tinh\BTL\BaiTHso3_2_project_Cube\GLSLExperiment\main.cpp(548,36): warning C4305: 'argument': truncation from 'double' to 'GLfloat'
C:\Users\HuChi\Desktop\HocKiHe\2 Do Hoa May Tinh\BTL\BaiTHso3_2_project_Cube\GLSLExperiment\main.cpp(550,63): warning C4305: 'argument': truncation from 'double' to 'const GLfloat'
C:\Users\HuChi\Desktop\HocKiHe\2 Do Hoa May Tinh\BTL\BaiTHso3_2_project_Cube\GLSLExperiment\main.cpp(550,97): warning C4305: 'argument': truncation from 'double' to 'const GLfloat'
C:\Users\HuChi\Desktop\HocKiHe\2 Do Hoa May Tinh\BTL\BaiTHso3_2_project_Cube\GLSLExperiment\main.cpp(551,37): warning C4305: 'argument': truncation from 'double' to 'GLfloat'
C:\Users\HuChi\Desktop\HocKiHe\2 Do Hoa May Tinh\BTL\BaiTHso3_2_project_Cube\GLSLExperiment\main.cpp(552,63): warning C4305: 'argument': truncation from 'double' to 'const GLfloat'
C:\Users\HuChi\Desktop\HocKiHe\2 Do Hoa May Tinh\BTL\BaiTHso3_2_project_Cube\GLSLExperiment\main.cpp(552,98): warning C4305: 'argument': truncation from 'double' to 'const GLfloat'
C:\Users\HuChi\Desktop\HocKiHe\2 Do Hoa May Tinh\BTL\BaiTHso3_2_project_Cube\GLSLExperiment\main.cpp(553,37): warning C4305: 'argument': truncation from 'double' to 'GLfloat'
C:\Users\HuChi\Desktop\HocKiHe\2 Do Hoa May Tinh\BTL\BaiTHso3_2_project_Cube\GLSLExperiment\main.cpp(554,63): warning C4305: 'argument': truncation from 'double' to 'const GLfloat'
C:\Users\HuChi\Desktop\HocKiHe\2 Do Hoa May Tinh\BTL\BaiTHso3_2_project_Cube\GLSLExperiment\main.cpp(554,92): warning C4305: 'argument': truncation from 'double' to 'const GLfloat'
C:\Users\HuChi\Desktop\HocKiHe\2 Do Hoa May Tinh\BTL\BaiTHso3_2_project_Cube\GLSLExperiment\main.cpp(555,35): warning C4305: 'argument': truncation from 'double' to 'GLfloat'
C:\Users\HuChi\Desktop\HocKiHe\2 Do Hoa May Tinh\BTL\BaiTHso3_2_project_Cube\GLSLExperiment\main.cpp(557,63): warning C4305: 'argument': truncation from 'double' to 'const GLfloat'
C:\Users\HuChi\Desktop\HocKiHe\2 Do Hoa May Tinh\BTL\BaiTHso3_2_project_Cube\GLSLExperiment\main.cpp(557,90): warning C4305: 'argument': truncation from 'double' to 'const GLfloat'
C:\Users\HuChi\Desktop\HocKiHe\2 Do Hoa May Tinh\BTL\BaiTHso3_2_project_Cube\GLSLExperiment\main.cpp(558,36): warning C4305: 'argument': truncation from 'double' to 'GLfloat'
C:\Users\HuChi\Desktop\HocKiHe\2 Do Hoa May Tinh\BTL\BaiTHso3_2_project_Cube\GLSLExperiment\main.cpp(559,63): warning C4305: 'argument': truncation from 'double' to 'const GLfloat'
C:\Users\HuChi\Desktop\HocKiHe\2 Do Hoa May Tinh\BTL\BaiTHso3_2_project_Cube\GLSLExperiment\main.cpp(559,95): warning C4305: 'argument': truncation from 'double' to 'const GLfloat'
C:\Users\HuChi\Desktop\HocKiHe\2 Do Hoa May Tinh\BTL\BaiTHso3_2_project_Cube\GLSLExperiment\main.cpp(560,37): warning C4305: 'argument': truncation from 'double' to 'GLfloat'
C:\Users\HuChi\Desktop\HocKiHe\2 Do Hoa May Tinh\BTL\BaiTHso3_2_project_Cube\GLSLExperiment\main.cpp(561,63): warning C4305: 'argument': truncation from 'double' to 'const GLfloat'
C:\Users\HuChi\Desktop\HocKiHe\2 Do Hoa May Tinh\BTL\BaiTHso3_2_project_Cube\GLSLExperiment\main.cpp(561,94): warning C4305: 'argument': truncation from 'double' to 'const GLfloat'
C:\Users\HuChi\Desktop\HocKiHe\2 Do Hoa May Tinh\BTL\BaiTHso3_2_project_Cube\GLSLExperiment\main.cpp(562,37): warning C4305: 'argument': truncation from 'double' to 'GLfloat'
C:\Users\HuChi\Desktop\HocKiHe\2 Do Hoa May Tinh\BTL\BaiTHso3_2_project_Cube\GLSLExperiment\main.cpp(567,80): warning C4305: 'argument': truncation from 'double' to 'const GLfloat'
C:\Users\HuChi\Desktop\HocKiHe\2 Do Hoa May Tinh\BTL\BaiTHso3_2_project_Cube\GLSLExperiment\main.cpp(567,107): warning C4305: 'argument': truncation from 'double' to 'const GLfloat'
C:\Users\HuChi\Desktop\HocKiHe\2 Do Hoa May Tinh\BTL\BaiTHso3_2_project_Cube\GLSLExperiment\main.cpp(567,119): warning C4244: 'argument': conversion from 'int' to 'const GLfloat', possible loss of data
C:\Users\HuChi\Desktop\HocKiHe\2 Do Hoa May Tinh\BTL\BaiTHso3_2_project_Cube\GLSLExperiment\main.cpp(568,38): warning C4305: 'argument': truncation from 'double' to 'GLfloat'
C:\Users\HuChi\Desktop\HocKiHe\2 Do Hoa May Tinh\BTL\BaiTHso3_2_project_Cube\GLSLExperiment\main.cpp(570,81): warning C4305: 'argument': truncation from 'double' to 'const GLfloat'
C:\Users\HuChi\Desktop\HocKiHe\2 Do Hoa May Tinh\BTL\BaiTHso3_2_project_Cube\GLSLExperiment\main.cpp(570,107): warning C4305: 'argument': truncation from 'double' to 'const GLfloat'
C:\Users\HuChi\Desktop\HocKiHe\2 Do Hoa May Tinh\BTL\BaiTHso3_2_project_Cube\GLSLExperiment\main.cpp(571,39): warning C4305: 'argument': truncation from 'double' to 'GLfloat'
C:\Users\HuChi\Desktop\HocKiHe\2 Do Hoa May Tinh\BTL\BaiTHso3_2_project_Cube\GLSLExperiment\main.cpp(573,80): warning C4305: 'argument': truncation from 'double' to 'const GLfloat'
C:\Users\HuChi\Desktop\HocKiHe\2 Do Hoa May Tinh\BTL\BaiTHso3_2_project_Cube\GLSLExperiment\main.cpp(573,106): warning C4305: 'argument': truncation from 'double' to 'const GLfloat'
C:\Users\HuChi\Desktop\HocKiHe\2 Do Hoa May Tinh\BTL\BaiTHso3_2_project_Cube\GLSLExperiment\main.cpp(574,39): warning C4305: 'argument': truncation from 'double' to 'GLfloat'
C:\Users\HuChi\Desktop\HocKiHe\2 Do Hoa May Tinh\BTL\BaiTHso3_2_project_Cube\GLSLExperiment\main.cpp(581,63): warning C4305: 'argument': truncation from 'double' to 'const GLfloat'
C:\Users\HuChi\Desktop\HocKiHe\2 Do Hoa May Tinh\BTL\BaiTHso3_2_project_Cube\GLSLExperiment\main.cpp(581,92): warning C4305: 'argument': truncation from 'double' to 'const GLfloat'
C:\Users\HuChi\Desktop\HocKiHe\2 Do Hoa May Tinh\BTL\BaiTHso3_2_project_Cube\GLSLExperiment\main.cpp(582,36): warning C4305: 'argument': truncation from 'double' to 'GLfloat'
C:\Users\HuChi\Desktop\HocKiHe\2 Do Hoa May Tinh\BTL\BaiTHso3_2_project_Cube\GLSLExperiment\main.cpp(584,63): warning C4305: 'argument': truncation from 'double' to 'const GLfloat'
C:\Users\HuChi\Desktop\HocKiHe\2 Do Hoa May Tinh\BTL\BaiTHso3_2_project_Cube\GLSLExperiment\main.cpp(584,93): warning C4305: 'argument': truncation from 'double' to 'const GLfloat'
C:\Users\HuChi\Desktop\HocKiHe\2 Do Hoa May Tinh\BTL\BaiTHso3_2_project_Cube\GLSLExperiment\main.cpp(585,36): warning C4305: 'argument': truncation from 'double' to 'GLfloat'
C:\Users\HuChi\Desktop\HocKiHe\2 Do Hoa May Tinh\BTL\BaiTHso3_2_project_Cube\GLSLExperiment\main.cpp(587,63): warning C4305: 'argument': truncation from 'double' to 'const GLfloat'
C:\Users\HuChi\Desktop\HocKiHe\2 Do Hoa May Tinh\BTL\BaiTHso3_2_project_Cube\GLSLExperiment\main.cpp(587,116): warning C4305: 'argument': truncation from 'double' to 'const GLfloat'
C:\Users\HuChi\Desktop\HocKiHe\2 Do Hoa May Tinh\BTL\BaiTHso3_2_project_Cube\GLSLExperiment\main.cpp(588,38): warning C4305: 'argument': truncation from 'double' to 'GLfloat'
C:\Users\HuChi\Desktop\HocKiHe\2 Do Hoa May Tinh\BTL\BaiTHso3_2_project_Cube\GLSLExperiment\main.cpp(590,63): warning C4305: 'argument': truncation from 'double' to 'const GLfloat'
C:\Users\HuChi\Desktop\HocKiHe\2 Do Hoa May Tinh\BTL\BaiTHso3_2_project_Cube\GLSLExperiment\main.cpp(590,117): warning C4305: 'argument': truncation from 'double' to 'const GLfloat'
C:\Users\HuChi\Desktop\HocKiHe\2 Do Hoa May Tinh\BTL\BaiTHso3_2_project_Cube\GLSLExperiment\main.cpp(591,38): warning C4305: 'argument': truncation from 'double' to 'GLfloat'
C:\Users\HuChi\Desktop\HocKiHe\2 Do Hoa May Tinh\BTL\BaiTHso3_2_project_Cube\GLSLExperiment\main.cpp(593,63): warning C4305: 'argument': truncation from 'double' to 'const GLfloat'
C:\Users\HuChi\Desktop\HocKiHe\2 Do Hoa May Tinh\BTL\BaiTHso3_2_project_Cube\GLSLExperiment\main.cpp(593,92): warning C4305: 'argument': truncation from 'double' to 'const GLfloat'
C:\Users\HuChi\Desktop\HocKiHe\2 Do Hoa May Tinh\BTL\BaiTHso3_2_project_Cube\GLSLExperiment\main.cpp(594,37): warning C4305: 'argument': truncation from 'double' to 'GLfloat'
C:\Users\HuChi\Desktop\HocKiHe\2 Do Hoa May Tinh\BTL\BaiTHso3_2_project_Cube\GLSLExperiment\main.cpp(596,63): warning C4305: 'argument': truncation from 'double' to 'const GLfloat'
C:\Users\HuChi\Desktop\HocKiHe\2 Do Hoa May Tinh\BTL\BaiTHso3_2_project_Cube\GLSLExperiment\main.cpp(596,91): warning C4305: 'argument': truncation from 'double' to 'const GLfloat'
C:\Users\HuChi\Desktop\HocKiHe\2 Do Hoa May Tinh\BTL\BaiTHso3_2_project_Cube\GLSLExperiment\main.cpp(597,36): warning C4305: 'argument': truncation from 'double' to 'GLfloat'
C:\Users\HuChi\Desktop\HocKiHe\2 Do Hoa May Tinh\BTL\BaiTHso3_2_project_Cube\GLSLExperiment\main.cpp(599,63): warning C4305: 'argument': truncation from 'double' to 'const GLfloat'
C:\Users\HuChi\Desktop\HocKiHe\2 Do Hoa May Tinh\BTL\BaiTHso3_2_project_Cube\GLSLExperiment\main.cpp(599,92): warning C4305: 'argument': truncation from 'double' to 'const GLfloat'
C:\Users\HuChi\Desktop\HocKiHe\2 Do Hoa May Tinh\BTL\BaiTHso3_2_project_Cube\GLSLExperiment\main.cpp(600,37): warning C4305: 'argument': truncation from 'double' to 'GLfloat'
C:\Users\HuChi\Desktop\HocKiHe\2 Do Hoa May Tinh\BTL\BaiTHso3_2_project_Cube\GLSLExperiment\main.cpp(602,63): warning C4305: 'argument': truncation from 'double' to 'const GLfloat'
C:\Users\HuChi\Desktop\HocKiHe\2 Do Hoa May Tinh\BTL\BaiTHso3_2_project_Cube\GLSLExperiment\main.cpp(602,93): warning C4305: 'argument': truncation from 'double' to 'const GLfloat'
C:\Users\HuChi\Desktop\HocKiHe\2 Do Hoa May Tinh\BTL\BaiTHso3_2_project_Cube\GLSLExperiment\main.cpp(603,38): warning C4305: 'argument': truncation from 'double' to 'GLfloat'
C:\Users\HuChi\Desktop\HocKiHe\2 Do Hoa May Tinh\BTL\BaiTHso3_2_project_Cube\GLSLExperiment\main.cpp(605,63): warning C4305: 'argument': truncation from 'double' to 'const GLfloat'
C:\Users\HuChi\Desktop\HocKiHe\2 Do Hoa May Tinh\BTL\BaiTHso3_2_project_Cube\GLSLExperiment\main.cpp(605,91): warning C4305: 'argument': truncation from 'double' to 'const GLfloat'
C:\Users\HuChi\Desktop\HocKiHe\2 Do Hoa May Tinh\BTL\BaiTHso3_2_project_Cube\GLSLExperiment\main.cpp(606,38): warning C4305: 'argument': truncation from 'double' to 'GLfloat'
C:\Users\HuChi\Desktop\HocKiHe\2 Do Hoa May Tinh\BTL\BaiTHso3_2_project_Cube\GLSLExperiment\main.cpp(608,63): warning C4305: 'argument': truncation from 'double' to 'const GLfloat'
C:\Users\HuChi\Desktop\HocKiHe\2 Do Hoa May Tinh\BTL\BaiTHso3_2_project_Cube\GLSLExperiment\main.cpp(608,93): warning C4305: 'argument': truncation from 'double' to 'const GLfloat'
C:\Users\HuChi\Desktop\HocKiHe\2 Do Hoa May Tinh\BTL\BaiTHso3_2_project_Cube\GLSLExperiment\main.cpp(609,37): warning C4305: 'argument': truncation from 'double' to 'GLfloat'
C:\Users\HuChi\Desktop\HocKiHe\2 Do Hoa May Tinh\BTL\BaiTHso3_2_project_Cube\GLSLExperiment\main.cpp(616,64): warning C4305: 'argument': truncation from 'double' to 'const GLfloat'
C:\Users\HuChi\Desktop\HocKiHe\2 Do Hoa May Tinh\BTL\BaiTHso3_2_project_Cube\GLSLExperiment\main.cpp(616,94): warning C4305: 'argument': truncation from 'double' to 'const GLfloat'
C:\Users\HuChi\Desktop\HocKiHe\2 Do Hoa May Tinh\BTL\BaiTHso3_2_project_Cube\GLSLExperiment\main.cpp(616,106): warning C4244: 'argument': conversion from 'int' to 'const GLfloat', possible loss of data
C:\Users\HuChi\Desktop\HocKiHe\2 Do Hoa May Tinh\BTL\BaiTHso3_2_project_Cube\GLSLExperiment\main.cpp(617,39): warning C4305: 'argument': truncation from 'double' to 'GLfloat'
C:\Users\HuChi\Desktop\HocKiHe\2 Do Hoa May Tinh\BTL\BaiTHso3_2_project_Cube\GLSLExperiment\main.cpp(618,64): warning C4305: 'argument': truncation from 'double' to 'const GLfloat'
C:\Users\HuChi\Desktop\HocKiHe\2 Do Hoa May Tinh\BTL\BaiTHso3_2_project_Cube\GLSLExperiment\main.cpp(618,93): warning C4305: 'argument': truncation from 'double' to 'const GLfloat'
C:\Users\HuChi\Desktop\HocKiHe\2 Do Hoa May Tinh\BTL\BaiTHso3_2_project_Cube\GLSLExperiment\main.cpp(618,105): warning C4244: 'argument': conversion from 'int' to 'const GLfloat', possible loss of data
C:\Users\HuChi\Desktop\HocKiHe\2 Do Hoa May Tinh\BTL\BaiTHso3_2_project_Cube\GLSLExperiment\main.cpp(619,41): warning C4305: 'argument': truncation from 'double' to 'GLfloat'
C:\Users\HuChi\Desktop\HocKiHe\2 Do Hoa May Tinh\BTL\BaiTHso3_2_project_Cube\GLSLExperiment\main.cpp(621,64): warning C4305: 'argument': truncation from 'double' to 'const GLfloat'
C:\Users\HuChi\Desktop\HocKiHe\2 Do Hoa May Tinh\BTL\BaiTHso3_2_project_Cube\GLSLExperiment\main.cpp(621,94): warning C4305: 'argument': truncation from 'double' to 'const GLfloat'
C:\Users\HuChi\Desktop\HocKiHe\2 Do Hoa May Tinh\BTL\BaiTHso3_2_project_Cube\GLSLExperiment\main.cpp(621,120): warning C4244: 'argument': conversion from 'int' to 'const GLfloat', possible loss of data
C:\Users\HuChi\Desktop\HocKiHe\2 Do Hoa May Tinh\BTL\BaiTHso3_2_project_Cube\GLSLExperiment\main.cpp(622,40): warning C4305: 'argument': truncation from 'double' to 'GLfloat'
C:\Users\HuChi\Desktop\HocKiHe\2 Do Hoa May Tinh\BTL\BaiTHso3_2_project_Cube\GLSLExperiment\main.cpp(624,78): warning C4305: 'argument': truncation from 'double' to 'const GLfloat'
C:\Users\HuChi\Desktop\HocKiHe\2 Do Hoa May Tinh\BTL\BaiTHso3_2_project_Cube\GLSLExperiment\main.cpp(624,108): warning C4305: 'argument': truncation from 'double' to 'const GLfloat'
C:\Users\HuChi\Desktop\HocKiHe\2 Do Hoa May Tinh\BTL\BaiTHso3_2_project_Cube\GLSLExperiment\main.cpp(624,120): warning C4244: 'argument': conversion from 'int' to 'const GLfloat', possible loss of data
C:\Users\HuChi\Desktop\HocKiHe\2 Do Hoa May Tinh\BTL\BaiTHso3_2_project_Cube\GLSLExperiment\main.cpp(625,39): warning C4305: 'argument': truncation from 'double' to 'GLfloat'
C:\Users\HuChi\Desktop\HocKiHe\2 Do Hoa May Tinh\BTL\BaiTHso3_2_project_Cube\GLSLExperiment\main.cpp(627,78): warning C4305: 'argument': truncation from 'double' to 'const GLfloat'
C:\Users\HuChi\Desktop\HocKiHe\2 Do Hoa May Tinh\BTL\BaiTHso3_2_project_Cube\GLSLExperiment\main.cpp(627,109): warning C4305: 'argument': truncation from 'double' to 'const GLfloat'
C:\Users\HuChi\Desktop\HocKiHe\2 Do Hoa May Tinh\BTL\BaiTHso3_2_project_Cube\GLSLExperiment\main.cpp(627,121): warning C4244: 'argument': conversion from 'int' to 'const GLfloat', possible loss of data
C:\Users\HuChi\Desktop\HocKiHe\2 Do Hoa May Tinh\BTL\BaiTHso3_2_project_Cube\GLSLExperiment\main.cpp(628,39): warning C4305: 'argument': truncation from 'double' to 'GLfloat'
C:\Users\HuChi\Desktop\HocKiHe\2 Do Hoa May Tinh\BTL\BaiTHso3_2_project_Cube\GLSLExperiment\main.cpp(633,63): warning C4305: 'argument': truncation from 'double' to 'const GLfloat'
C:\Users\HuChi\Desktop\HocKiHe\2 Do Hoa May Tinh\BTL\BaiTHso3_2_project_Cube\GLSLExperiment\main.cpp(633,96): warning C4305: 'argument': truncation from 'double' to 'const GLfloat'
C:\Users\HuChi\Desktop\HocKiHe\2 Do Hoa May Tinh\BTL\BaiTHso3_2_project_Cube\GLSLExperiment\main.cpp(634,37): warning C4305: 'argument': truncation from 'double' to 'GLfloat'
C:\Users\HuChi\Desktop\HocKiHe\2 Do Hoa May Tinh\BTL\BaiTHso3_2_project_Cube\GLSLExperiment\main.cpp(636,63): warning C4305: 'argument': truncation from 'double' to 'const GLfloat'
C:\Users\HuChi\Desktop\HocKiHe\2 Do Hoa May Tinh\BTL\BaiTHso3_2_project_Cube\GLSLExperiment\main.cpp(636,95): warning C4305: 'argument': truncation from 'double' to 'const GLfloat'
C:\Users\HuChi\Desktop\HocKiHe\2 Do Hoa May Tinh\BTL\BaiTHso3_2_project_Cube\GLSLExperiment\main.cpp(637,37): warning C4305: 'argument': truncation from 'double' to 'GLfloat'
C:\Users\HuChi\Desktop\HocKiHe\2 Do Hoa May Tinh\BTL\BaiTHso3_2_project_Cube\GLSLExperiment\main.cpp(639,63): warning C4305: 'argument': truncation from 'double' to 'const GLfloat'
C:\Users\HuChi\Desktop\HocKiHe\2 Do Hoa May Tinh\BTL\BaiTHso3_2_project_Cube\GLSLExperiment\main.cpp(639,96): warning C4305: 'argument': truncation from 'double' to 'const GLfloat'
C:\Users\HuChi\Desktop\HocKiHe\2 Do Hoa May Tinh\BTL\BaiTHso3_2_project_Cube\GLSLExperiment\main.cpp(640,37): warning C4305: 'argument': truncation from 'double' to 'GLfloat'
C:\Users\HuChi\Desktop\HocKiHe\2 Do Hoa May Tinh\BTL\BaiTHso3_2_project_Cube\GLSLExperiment\main.cpp(642,63): warning C4305: 'argument': truncation from 'double' to 'const GLfloat'
C:\Users\HuChi\Desktop\HocKiHe\2 Do Hoa May Tinh\BTL\BaiTHso3_2_project_Cube\GLSLExperiment\main.cpp(642,95): warning C4305: 'argument': truncation from 'double' to 'const GLfloat'
C:\Users\HuChi\Desktop\HocKiHe\2 Do Hoa May Tinh\BTL\BaiTHso3_2_project_Cube\GLSLExperiment\main.cpp(643,37): warning C4305: 'argument': truncation from 'double' to 'GLfloat'
C:\Users\HuChi\Desktop\HocKiHe\2 Do Hoa May Tinh\BTL\BaiTHso3_2_project_Cube\GLSLExperiment\main.cpp(645,63): warning C4305: 'argument': truncation from 'double' to 'const GLfloat'
C:\Users\HuChi\Desktop\HocKiHe\2 Do Hoa May Tinh\BTL\BaiTHso3_2_project_Cube\GLSLExperiment\main.cpp(645,93): warning C4305: 'argument': truncation from 'double' to 'const GLfloat'
C:\Users\HuChi\Desktop\HocKiHe\2 Do Hoa May Tinh\BTL\BaiTHso3_2_project_Cube\GLSLExperiment\main.cpp(646,37): warning C4305: 'argument': truncation from 'double' to 'GLfloat'
C:\Users\HuChi\Desktop\HocKiHe\2 Do Hoa May Tinh\BTL\BaiTHso3_2_project_Cube\GLSLExperiment\main.cpp(648,63): warning C4305: 'argument': truncation from 'double' to 'const GLfloat'
C:\Users\HuChi\Desktop\HocKiHe\2 Do Hoa May Tinh\BTL\BaiTHso3_2_project_Cube\GLSLExperiment\main.cpp(648,93): warning C4305: 'argument': truncation from 'double' to 'const GLfloat'
C:\Users\HuChi\Desktop\HocKiHe\2 Do Hoa May Tinh\BTL\BaiTHso3_2_project_Cube\GLSLExperiment\main.cpp(649,37): warning C4305: 'argument': truncation from 'double' to 'GLfloat'
C:\Users\HuChi\Desktop\HocKiHe\2 Do Hoa May Tinh\BTL\BaiTHso3_2_project_Cube\GLSLExperiment\main.cpp(651,63): warning C4305: 'argument': truncation from 'double' to 'const GLfloat'
C:\Users\HuChi\Desktop\HocKiHe\2 Do Hoa May Tinh\BTL\BaiTHso3_2_project_Cube\GLSLExperiment\main.cpp(651,93): warning C4305: 'argument': truncation from 'double' to 'const GLfloat'
C:\Users\HuChi\Desktop\HocKiHe\2 Do Hoa May Tinh\BTL\BaiTHso3_2_project_Cube\GLSLExperiment\main.cpp(652,37): warning C4305: 'argument': truncation from 'double' to 'GLfloat'
C:\Users\HuChi\Desktop\HocKiHe\2 Do Hoa May Tinh\BTL\BaiTHso3_2_project_Cube\GLSLExperiment\main.cpp(690,66): warning C4305: 'argument': truncation from 'double' to 'const GLfloat'
C:\Users\HuChi\Desktop\HocKiHe\2 Do Hoa May Tinh\BTL\BaiTHso3_2_project_Cube\GLSLExperiment\main.cpp(690,90): warning C4305: 'argument': truncation from 'double' to 'const GLfloat'
C:\Users\HuChi\Desktop\HocKiHe\2 Do Hoa May Tinh\BTL\BaiTHso3_2_project_Cube\GLSLExperiment\main.cpp(691,38): warning C4305: 'argument': truncation from 'double' to 'GLfloat'
C:\Users\HuChi\Desktop\HocKiHe\2 Do Hoa May Tinh\BTL\BaiTHso3_2_project_Cube\GLSLExperiment\main.cpp(693,46): warning C4305: 'argument': truncation from 'double' to 'const GLfloat'
C:\Users\HuChi\Desktop\HocKiHe\2 Do Hoa May Tinh\BTL\BaiTHso3_2_project_Cube\GLSLExperiment\main.cpp(694,38): warning C4305: 'argument': truncation from 'double' to 'GLfloat'
C:\Users\HuChi\Desktop\HocKiHe\2 Do Hoa May Tinh\BTL\BaiTHso3_2_project_Cube\GLSLExperiment\main.cpp(696,45): warning C4305: 'argument': truncation from 'double' to 'const GLfloat'
C:\Users\HuChi\Desktop\HocKiHe\2 Do Hoa May Tinh\BTL\BaiTHso3_2_project_Cube\GLSLExperiment\main.cpp(697,38): warning C4305: 'argument': truncation from 'double' to 'GLfloat'
C:\Users\HuChi\Desktop\HocKiHe\2 Do Hoa May Tinh\BTL\BaiTHso3_2_project_Cube\GLSLExperiment\main.cpp(721,35): warning C4305: 'argument': truncation from 'double' to 'GLfloat'
C:\Users\HuChi\Desktop\HocKiHe\2 Do Hoa May Tinh\BTL\BaiTHso3_2_project_Cube\GLSLExperiment\main.cpp(725,36): warning C4305: 'argument': truncation from 'double' to 'GLfloat'
C:\Users\HuChi\Desktop\HocKiHe\2 Do Hoa May Tinh\BTL\BaiTHso3_2_project_Cube\GLSLExperiment\main.cpp(729,36): warning C4305: 'argument': truncation from 'double' to 'GLfloat'
C:\Users\HuChi\Desktop\HocKiHe\2 Do Hoa May Tinh\BTL\BaiTHso3_2_project_Cube\GLSLExperiment\main.cpp(733,36): warning C4305: 'argument': truncation from 'double' to 'GLfloat'
C:\Users\HuChi\Desktop\HocKiHe\2 Do Hoa May Tinh\BTL\BaiTHso3_2_project_Cube\GLSLExperiment\main.cpp(737,36): warning C4305: 'argument': truncation from 'double' to 'GLfloat'
C:\Users\HuChi\Desktop\HocKiHe\2 Do Hoa May Tinh\BTL\BaiTHso3_2_project_Cube\GLSLExperiment\main.cpp(741,37): warning C4305: 'argument': truncation from 'double' to 'GLfloat'
C:\Users\HuChi\Desktop\HocKiHe\2 Do Hoa May Tinh\BTL\BaiTHso3_2_project_Cube\GLSLExperiment\main.cpp(745,38): warning C4305: 'argument': truncation from 'double' to 'GLfloat'
C:\Users\HuChi\Desktop\HocKiHe\2 Do Hoa May Tinh\BTL\BaiTHso3_2_project_Cube\GLSLExperiment\main.cpp(749,35): warning C4305: 'argument': truncation from 'double' to 'GLfloat'
C:\Users\HuChi\Desktop\HocKiHe\2 Do Hoa May Tinh\BTL\BaiTHso3_2_project_Cube\GLSLExperiment\main.cpp(753,37): warning C4305: 'argument': truncation from 'double' to 'GLfloat'
C:\Users\HuChi\Desktop\HocKiHe\2 Do Hoa May Tinh\BTL\BaiTHso3_2_project_Cube\GLSLExperiment\main.cpp(757,38): warning C4305: 'argument': truncation from 'double' to 'GLfloat'
C:\Users\HuChi\Desktop\HocKiHe\2 Do Hoa May Tinh\BTL\BaiTHso3_2_project_Cube\GLSLExperiment\main.cpp(760,27): warning C4305: 'argument': truncation from 'double' to 'GLfloat'
C:\Users\HuChi\Desktop\HocKiHe\2 Do Hoa May Tinh\BTL\BaiTHso3_2_project_Cube\GLSLExperiment\main.cpp(761,27): warning C4305: 'argument': truncation from 'double' to 'GLfloat'
C:\Users\HuChi\Desktop\HocKiHe\2 Do Hoa May Tinh\BTL\BaiTHso3_2_project_Cube\GLSLExperiment\main.cpp(762,27): warning C4305: 'argument': truncation from 'double' to 'GLfloat'
C:\Users\HuChi\Desktop\HocKiHe\2 Do Hoa May Tinh\BTL\BaiTHso3_2_project_Cube\GLSLExperiment\main.cpp(763,27): warning C4305: 'argument': truncation from 'double' to 'GLfloat'
C:\Users\HuChi\Desktop\HocKiHe\2 Do Hoa May Tinh\BTL\BaiTHso3_2_project_Cube\GLSLExperiment\main.cpp(764,26): warning C4305: 'argument': truncation from 'double' to 'GLfloat'
C:\Users\HuChi\Desktop\HocKiHe\2 Do Hoa May Tinh\BTL\BaiTHso3_2_project_Cube\GLSLExperiment\main.cpp(768,28): warning C4305: 'argument': truncation from 'double' to 'GLfloat'
C:\Users\HuChi\Desktop\HocKiHe\2 Do Hoa May Tinh\BTL\BaiTHso3_2_project_Cube\GLSLExperiment\main.cpp(769,26): warning C4305: 'argument': truncation from 'double' to 'GLfloat'
C:\Users\HuChi\Desktop\HocKiHe\2 Do Hoa May Tinh\BTL\BaiTHso3_2_project_Cube\GLSLExperiment\main.cpp(770,28): warning C4305: 'argument': truncation from 'double' to 'GLfloat'
C:\Users\HuChi\Desktop\HocKiHe\2 Do Hoa May Tinh\BTL\BaiTHso3_2_project_Cube\GLSLExperiment\main.cpp(771,26): warning C4305: 'argument': truncation from 'double' to 'GLfloat'
C:\Users\HuChi\Desktop\HocKiHe\2 Do Hoa May Tinh\BTL\BaiTHso3_2_project_Cube\GLSLExperiment\main.cpp(775,25): warning C4305: 'argument': truncation from 'double' to 'GLfloat'
C:\Users\HuChi\Desktop\HocKiHe\2 Do Hoa May Tinh\BTL\BaiTHso3_2_project_Cube\GLSLExperiment\main.cpp(778,23): warning C4305: 'argument': truncation from 'double' to 'GLfloat'
C:\Users\HuChi\Desktop\HocKiHe\2 Do Hoa May Tinh\BTL\BaiTHso3_2_project_Cube\GLSLExperiment\main.cpp(781,24): warning C4305: 'argument': truncation from 'double' to 'GLfloat'
C:\Users\HuChi\Desktop\HocKiHe\2 Do Hoa May Tinh\BTL\BaiTHso3_2_project_Cube\GLSLExperiment\main.cpp(784,25): warning C4305: 'argument': truncation from 'double' to 'GLfloat'
C:\Users\HuChi\Desktop\HocKiHe\2 Do Hoa May Tinh\BTL\BaiTHso3_2_project_Cube\GLSLExperiment\main.cpp(801,30): warning C4305: 'argument': truncation from 'double' to 'GLfloat'
C:\Users\HuChi\Desktop\HocKiHe\2 Do Hoa May Tinh\BTL\BaiTHso3_2_project_Cube\GLSLExperiment\main.cpp(805,30): warning C4305: 'argument': truncation from 'double' to 'GLfloat'
C:\Users\HuChi\Desktop\HocKiHe\2 Do Hoa May Tinh\BTL\BaiTHso3_2_project_Cube\GLSLExperiment\main.cpp(809,27): warning C4305: 'argument': truncation from 'double' to 'GLfloat'
C:\Users\HuChi\Desktop\HocKiHe\2 Do Hoa May Tinh\BTL\BaiTHso3_2_project_Cube\GLSLExperiment\main.cpp(810,26): warning C4305: 'argument': truncation from 'double' to 'GLfloat'
C:\Users\HuChi\Desktop\HocKiHe\2 Do Hoa May Tinh\BTL\BaiTHso3_2_project_Cube\GLSLExperiment\main.cpp(811,31): warning C4305: 'argument': truncation from 'double' to 'GLfloat'
C:\Users\HuChi\Desktop\HocKiHe\2 Do Hoa May Tinh\BTL\BaiTHso3_2_project_Cube\GLSLExperiment\main.cpp(812,30): warning C4305: 'argument': truncation from 'double' to 'GLfloat'
C:\Users\HuChi\Desktop\HocKiHe\2 Do Hoa May Tinh\BTL\BaiTHso3_2_project_Cube\GLSLExperiment\main.cpp(813,31): warning C4305: 'argument': truncation from 'double' to 'GLfloat'
C:\Users\HuChi\Desktop\HocKiHe\2 Do Hoa May Tinh\BTL\BaiTHso3_2_project_Cube\GLSLExperiment\main.cpp(814,32): warning C4305: 'argument': truncation from 'double' to 'GLfloat'
C:\Users\HuChi\Desktop\HocKiHe\2 Do Hoa May Tinh\BTL\BaiTHso3_2_project_Cube\GLSLExperiment\main.cpp(822,32): warning C4305: 'argument': truncation from 'double' to 'GLfloat'
C:\Users\HuChi\Desktop\HocKiHe\2 Do Hoa May Tinh\BTL\BaiTHso3_2_project_Cube\GLSLExperiment\main.cpp(826,33): warning C4305: 'argument': truncation from 'double' to 'GLfloat'
C:\Users\HuChi\Desktop\HocKiHe\2 Do Hoa May Tinh\BTL\BaiTHso3_2_project_Cube\GLSLExperiment\main.cpp(830,34): warning C4305: 'argument': truncation from 'double' to 'GLfloat'
C:\Users\HuChi\Desktop\HocKiHe\2 Do Hoa May Tinh\BTL\BaiTHso3_2_project_Cube\GLSLExperiment\main.cpp(834,34): warning C4305: 'argument': truncation from 'double' to 'GLfloat'
C:\Users\HuChi\Desktop\HocKiHe\2 Do Hoa May Tinh\BTL\BaiTHso3_2_project_Cube\GLSLExperiment\main.cpp(838,32): warning C4305: 'argument': truncation from 'double' to 'GLfloat'
C:\Users\HuChi\Desktop\HocKiHe\2 Do Hoa May Tinh\BTL\BaiTHso3_2_project_Cube\GLSLExperiment\main.cpp(842,32): warning C4305: 'argument': truncation from 'double' to 'GLfloat'
C:\Users\HuChi\Desktop\HocKiHe\2 Do Hoa May Tinh\BTL\BaiTHso3_2_project_Cube\GLSLExperiment\main.cpp(845,27): warning C4305: 'argument': truncation from 'double' to 'const GLfloat'
C:\Users\HuChi\Desktop\HocKiHe\2 Do Hoa May Tinh\BTL\BaiTHso3_2_project_Cube\GLSLExperiment\main.cpp(846,32): warning C4305: 'argument': truncation from 'double' to 'GLfloat'
C:\Users\HuChi\Desktop\HocKiHe\2 Do Hoa May Tinh\BTL\BaiTHso3_2_project_Cube\GLSLExperiment\main.cpp(847,29): warning C4305: 'argument': truncation from 'double' to 'const GLfloat'
C:\Users\HuChi\Desktop\HocKiHe\2 Do Hoa May Tinh\BTL\BaiTHso3_2_project_Cube\GLSLExperiment\main.cpp(848,33): warning C4305: 'argument': truncation from 'double' to 'GLfloat'
C:\Users\HuChi\Desktop\HocKiHe\2 Do Hoa May Tinh\BTL\BaiTHso3_2_project_Cube\GLSLExperiment\main.cpp(849,28): warning C4305: 'argument': truncation from 'double' to 'const GLfloat'
C:\Users\HuChi\Desktop\HocKiHe\2 Do Hoa May Tinh\BTL\BaiTHso3_2_project_Cube\GLSLExperiment\main.cpp(850,32): warning C4305: 'argument': truncation from 'double' to 'GLfloat'
C:\Users\HuChi\Desktop\HocKiHe\2 Do Hoa May Tinh\BTL\BaiTHso3_2_project_Cube\GLSLExperiment\main.cpp(851,35): warning C4305: 'argument': truncation from 'double' to 'const GLfloat'
C:\Users\HuChi\Desktop\HocKiHe\2 Do Hoa May Tinh\BTL\BaiTHso3_2_project_Cube\GLSLExperiment\main.cpp(852,34): warning C4305: 'argument': truncation from 'double' to 'GLfloat'
C:\Users\HuChi\Desktop\HocKiHe\2 Do Hoa May Tinh\BTL\BaiTHso3_2_project_Cube\GLSLExperiment\main.cpp(853,36): warning C4305: 'argument': truncation from 'double' to 'const GLfloat'
C:\Users\HuChi\Desktop\HocKiHe\2 Do Hoa May Tinh\BTL\BaiTHso3_2_project_Cube\GLSLExperiment\main.cpp(853,62): warning C4305: 'argument': truncation from 'double' to 'const GLfloat'
C:\Users\HuChi\Desktop\HocKiHe\2 Do Hoa May Tinh\BTL\BaiTHso3_2_project_Cube\GLSLExperiment\main.cpp(854,34): warning C4305: 'argument': truncation from 'double' to 'GLfloat'
C:\Users\HuChi\Desktop\HocKiHe\2 Do Hoa May Tinh\BTL\BaiTHso3_2_project_Cube\GLSLExperiment\main.cpp(855,35): warning C4305: 'argument': truncation from 'double' to 'const GLfloat'
C:\Users\HuChi\Desktop\HocKiHe\2 Do Hoa May Tinh\BTL\BaiTHso3_2_project_Cube\GLSLExperiment\main.cpp(855,60): warning C4305: 'argument': truncation from 'double' to 'const GLfloat'
C:\Users\HuChi\Desktop\HocKiHe\2 Do Hoa May Tinh\BTL\BaiTHso3_2_project_Cube\GLSLExperiment\main.cpp(856,34): warning C4305: 'argument': truncation from 'double' to 'GLfloat'
C:\Users\HuChi\Desktop\HocKiHe\2 Do Hoa May Tinh\BTL\BaiTHso3_2_project_Cube\GLSLExperiment\main.cpp(857,36): warning C4305: 'argument': truncation from 'double' to 'const GLfloat'
C:\Users\HuChi\Desktop\HocKiHe\2 Do Hoa May Tinh\BTL\BaiTHso3_2_project_Cube\GLSLExperiment\main.cpp(857,62): warning C4305: 'argument': truncation from 'double' to 'const GLfloat'
C:\Users\HuChi\Desktop\HocKiHe\2 Do Hoa May Tinh\BTL\BaiTHso3_2_project_Cube\GLSLExperiment\main.cpp(858,34): warning C4305: 'argument': truncation from 'double' to 'GLfloat'
C:\Users\HuChi\Desktop\HocKiHe\2 Do Hoa May Tinh\BTL\BaiTHso3_2_project_Cube\GLSLExperiment\main.cpp(859,38): warning C4305: 'argument': truncation from 'double' to 'const GLfloat'
C:\Users\HuChi\Desktop\HocKiHe\2 Do Hoa May Tinh\BTL\BaiTHso3_2_project_Cube\GLSLExperiment\main.cpp(860,32): warning C4305: 'argument': truncation from 'double' to 'GLfloat'
C:\Users\HuChi\Desktop\HocKiHe\2 Do Hoa May Tinh\BTL\BaiTHso3_2_project_Cube\GLSLExperiment\main.cpp(861,35): warning C4305: 'argument': truncation from 'double' to 'const GLfloat'
C:\Users\HuChi\Desktop\HocKiHe\2 Do Hoa May Tinh\BTL\BaiTHso3_2_project_Cube\GLSLExperiment\main.cpp(862,32): warning C4305: 'argument': truncation from 'double' to 'GLfloat'
C:\Users\HuChi\Desktop\HocKiHe\2 Do Hoa May Tinh\BTL\BaiTHso3_2_project_Cube\GLSLExperiment\main.cpp(863,37): warning C4305: 'argument': truncation from 'double' to 'const GLfloat'
C:\Users\HuChi\Desktop\HocKiHe\2 Do Hoa May Tinh\BTL\BaiTHso3_2_project_Cube\GLSLExperiment\main.cpp(864,32): warning C4305: 'argument': truncation from 'double' to 'GLfloat'
C:\Users\HuChi\Desktop\HocKiHe\2 Do Hoa May Tinh\BTL\BaiTHso3_2_project_Cube\GLSLExperiment\main.cpp(865,35): warning C4305: 'argument': truncation from 'double' to 'const GLfloat'
C:\Users\HuChi\Desktop\HocKiHe\2 Do Hoa May Tinh\BTL\BaiTHso3_2_project_Cube\GLSLExperiment\main.cpp(866,32): warning C4305: 'argument': truncation from 'double' to 'GLfloat'
C:\Users\HuChi\Desktop\HocKiHe\2 Do Hoa May Tinh\BTL\BaiTHso3_2_project_Cube\GLSLExperiment\main.cpp(874,34): warning C4305: 'argument': truncation from 'double' to 'GLfloat'
C:\Users\HuChi\Desktop\HocKiHe\2 Do Hoa May Tinh\BTL\BaiTHso3_2_project_Cube\GLSLExperiment\main.cpp(882,33): warning C4305: 'argument': truncation from 'double' to 'GLfloat'
C:\Users\HuChi\Desktop\HocKiHe\2 Do Hoa May Tinh\BTL\BaiTHso3_2_project_Cube\GLSLExperiment\main.cpp(885,25): warning C4305: 'argument': truncation from 'double' to 'GLfloat'
C:\Users\HuChi\Desktop\HocKiHe\2 Do Hoa May Tinh\BTL\BaiTHso3_2_project_Cube\GLSLExperiment\main.cpp(886,24): warning C4305: 'argument': truncation from 'double' to 'GLfloat'
C:\Users\HuChi\Desktop\HocKiHe\2 Do Hoa May Tinh\BTL\BaiTHso3_2_project_Cube\GLSLExperiment\main.cpp(887,24): warning C4305: 'argument': truncation from 'double' to 'GLfloat'
C:\Users\HuChi\Desktop\HocKiHe\2 Do Hoa May Tinh\BTL\BaiTHso3_2_project_Cube\GLSLExperiment\main.cpp(888,25): warning C4305: 'argument': truncation from 'double' to 'GLfloat'
C:\Users\HuChi\Desktop\HocKiHe\2 Do Hoa May Tinh\BTL\BaiTHso3_2_project_Cube\GLSLExperiment\main.cpp(889,26): warning C4305: 'argument': truncation from 'double' to 'GLfloat'
C:\Users\HuChi\Desktop\HocKiHe\2 Do Hoa May Tinh\BTL\BaiTHso3_2_project_Cube\GLSLExperiment\main.cpp(897,55): warning C4305: 'argument': truncation from 'double' to 'const GLfloat'
C:\Users\HuChi\Desktop\HocKiHe\2 Do Hoa May Tinh\BTL\BaiTHso3_2_project_Cube\GLSLExperiment\main.cpp(897,84): warning C4305: 'argument': truncation from 'double' to 'const GLfloat'
C:\Users\HuChi\Desktop\HocKiHe\2 Do Hoa May Tinh\BTL\BaiTHso3_2_project_Cube\GLSLExperiment\main.cpp(898,30): warning C4305: 'argument': truncation from 'double' to 'GLfloat'
C:\Users\HuChi\Desktop\HocKiHe\2 Do Hoa May Tinh\BTL\BaiTHso3_2_project_Cube\GLSLExperiment\main.cpp(900,55): warning C4305: 'argument': truncation from 'double' to 'const GLfloat'
C:\Users\HuChi\Desktop\HocKiHe\2 Do Hoa May Tinh\BTL\BaiTHso3_2_project_Cube\GLSLExperiment\main.cpp(900,83): warning C4305: 'argument': truncation from 'double' to 'const GLfloat'
C:\Users\HuChi\Desktop\HocKiHe\2 Do Hoa May Tinh\BTL\BaiTHso3_2_project_Cube\GLSLExperiment\main.cpp(901,30): warning C4305: 'argument': truncation from 'double' to 'GLfloat'
C:\Users\HuChi\Desktop\HocKiHe\2 Do Hoa May Tinh\BTL\BaiTHso3_2_project_Cube\GLSLExperiment\main.cpp(904,55): warning C4305: 'argument': truncation from 'double' to 'const GLfloat'
C:\Users\HuChi\Desktop\HocKiHe\2 Do Hoa May Tinh\BTL\BaiTHso3_2_project_Cube\GLSLExperiment\main.cpp(904,83): warning C4305: 'argument': truncation from 'double' to 'const GLfloat'
C:\Users\HuChi\Desktop\HocKiHe\2 Do Hoa May Tinh\BTL\BaiTHso3_2_project_Cube\GLSLExperiment\main.cpp(905,28): warning C4305: 'argument': truncation from 'double' to 'GLfloat'
C:\Users\HuChi\Desktop\HocKiHe\2 Do Hoa May Tinh\BTL\BaiTHso3_2_project_Cube\GLSLExperiment\main.cpp(908,55): warning C4305: 'argument': truncation from 'double' to 'const GLfloat'
C:\Users\HuChi\Desktop\HocKiHe\2 Do Hoa May Tinh\BTL\BaiTHso3_2_project_Cube\GLSLExperiment\main.cpp(908,83): warning C4305: 'argument': truncation from 'double' to 'const GLfloat'
C:\Users\HuChi\Desktop\HocKiHe\2 Do Hoa May Tinh\BTL\BaiTHso3_2_project_Cube\GLSLExperiment\main.cpp(909,30): warning C4305: 'argument': truncation from 'double' to 'GLfloat'
C:\Users\HuChi\Desktop\HocKiHe\2 Do Hoa May Tinh\BTL\BaiTHso3_2_project_Cube\GLSLExperiment\main.cpp(912,55): warning C4305: 'argument': truncation from 'double' to 'const GLfloat'
C:\Users\HuChi\Desktop\HocKiHe\2 Do Hoa May Tinh\BTL\BaiTHso3_2_project_Cube\GLSLExperiment\main.cpp(912,85): warning C4305: 'argument': truncation from 'double' to 'const GLfloat'
C:\Users\HuChi\Desktop\HocKiHe\2 Do Hoa May Tinh\BTL\BaiTHso3_2_project_Cube\GLSLExperiment\main.cpp(913,30): warning C4305: 'argument': truncation from 'double' to 'GLfloat'
C:\Users\HuChi\Desktop\HocKiHe\2 Do Hoa May Tinh\BTL\BaiTHso3_2_project_Cube\GLSLExperiment\main.cpp(915,55): warning C4305: 'argument': truncation from 'double' to 'const GLfloat'
C:\Users\HuChi\Desktop\HocKiHe\2 Do Hoa May Tinh\BTL\BaiTHso3_2_project_Cube\GLSLExperiment\main.cpp(915,83): warning C4305: 'argument': truncation from 'double' to 'const GLfloat'
C:\Users\HuChi\Desktop\HocKiHe\2 Do Hoa May Tinh\BTL\BaiTHso3_2_project_Cube\GLSLExperiment\main.cpp(916,28): warning C4305: 'argument': truncation from 'double' to 'GLfloat'
C:\Users\HuChi\Desktop\HocKiHe\2 Do Hoa May Tinh\BTL\BaiTHso3_2_project_Cube\GLSLExperiment\main.cpp(918,55): warning C4305: 'argument': truncation from 'double' to 'const GLfloat'
C:\Users\HuChi\Desktop\HocKiHe\2 Do Hoa May Tinh\BTL\BaiTHso3_2_project_Cube\GLSLExperiment\main.cpp(918,83): warning C4305: 'argument': truncation from 'double' to 'const GLfloat'
C:\Users\HuChi\Desktop\HocKiHe\2 Do Hoa May Tinh\BTL\BaiTHso3_2_project_Cube\GLSLExperiment\main.cpp(919,30): warning C4305: 'argument': truncation from 'double' to 'GLfloat'
C:\Users\HuChi\Desktop\HocKiHe\2 Do Hoa May Tinh\BTL\BaiTHso3_2_project_Cube\GLSLExperiment\main.cpp(921,55): warning C4305: 'argument': truncation from 'double' to 'const GLfloat'
C:\Users\HuChi\Desktop\HocKiHe\2 Do Hoa May Tinh\BTL\BaiTHso3_2_project_Cube\GLSLExperiment\main.cpp(921,85): warning C4305: 'argument': truncation from 'double' to 'const GLfloat'
C:\Users\HuChi\Desktop\HocKiHe\2 Do Hoa May Tinh\BTL\BaiTHso3_2_project_Cube\GLSLExperiment\main.cpp(922,30): warning C4305: 'argument': truncation from 'double' to 'GLfloat'
C:\Users\HuChi\Desktop\HocKiHe\2 Do Hoa May Tinh\BTL\BaiTHso3_2_project_Cube\GLSLExperiment\main.cpp(928,24): warning C4305: 'argument': truncation from 'double' to 'GLfloat'
C:\Users\HuChi\Desktop\HocKiHe\2 Do Hoa May Tinh\BTL\BaiTHso3_2_project_Cube\GLSLExperiment\main.cpp(929,24): warning C4305: 'argument': truncation from 'double' to 'GLfloat'
C:\Users\HuChi\Desktop\HocKiHe\2 Do Hoa May Tinh\BTL\BaiTHso3_2_project_Cube\GLSLExperiment\main.cpp(930,28): warning C4305: 'argument': truncation from 'double' to 'GLfloat'
C:\Users\HuChi\Desktop\HocKiHe\2 Do Hoa May Tinh\BTL\BaiTHso3_2_project_Cube\GLSLExperiment\main.cpp(931,27): warning C4305: 'argument': truncation from 'double' to 'GLfloat'
C:\Users\HuChi\Desktop\HocKiHe\2 Do Hoa May Tinh\BTL\BaiTHso3_2_project_Cube\GLSLExperiment\main.cpp(932,25): warning C4305: 'argument': truncation from 'double' to 'GLfloat'
C:\Users\HuChi\Desktop\HocKiHe\2 Do Hoa May Tinh\BTL\BaiTHso3_2_project_Cube\GLSLExperiment\main.cpp(967,20): warning C4305: '*=': truncation from 'double' to 'GLfloat'
C:\Users\HuChi\Desktop\HocKiHe\2 Do Hoa May Tinh\BTL\BaiTHso3_2_project_Cube\GLSLExperiment\main.cpp(967,30): warning C4305: '*=': truncation from 'double' to 'GLfloat'
C:\Users\HuChi\Desktop\HocKiHe\2 Do Hoa May Tinh\BTL\BaiTHso3_2_project_Cube\GLSLExperiment\main.cpp(968,20): warning C4305: '*=': truncation from 'double' to 'GLfloat'
C:\Users\HuChi\Desktop\HocKiHe\2 Do Hoa May Tinh\BTL\BaiTHso3_2_project_Cube\GLSLExperiment\main.cpp(968,30): warning C4305: '*=': truncation from 'double' to 'GLfloat'
C:\Users\HuChi\Desktop\HocKiHe\2 Do Hoa May Tinh\BTL\BaiTHso3_2_project_Cube\GLSLExperiment\main.cpp(969,21): warning C4305: '*=': truncation from 'double' to 'GLfloat'
C:\Users\HuChi\Desktop\HocKiHe\2 Do Hoa May Tinh\BTL\BaiTHso3_2_project_Cube\GLSLExperiment\main.cpp(969,31): warning C4305: '*=': truncation from 'double' to 'GLfloat'
C:\Users\HuChi\Desktop\HocKiHe\2 Do Hoa May Tinh\BTL\BaiTHso3_2_project_Cube\GLSLExperiment\main.cpp(970,21): warning C4305: '*=': truncation from 'double' to 'GLfloat'
C:\Users\HuChi\Desktop\HocKiHe\2 Do Hoa May Tinh\BTL\BaiTHso3_2_project_Cube\GLSLExperiment\main.cpp(970,31): warning C4305: '*=': truncation from 'double' to 'GLfloat'
C:\Users\HuChi\Desktop\HocKiHe\2 Do Hoa May Tinh\BTL\BaiTHso3_2_project_Cube\GLSLExperiment\main.cpp(971,24): warning C4305: '*=': truncation from 'double' to 'GLfloat'
C:\Users\HuChi\Desktop\HocKiHe\2 Do Hoa May Tinh\BTL\BaiTHso3_2_project_Cube\GLSLExperiment\main.cpp(971,37): warning C4305: '*=': truncation from 'double' to 'GLfloat'
C:\Users\HuChi\Desktop\HocKiHe\2 Do Hoa May Tinh\BTL\BaiTHso3_2_project_Cube\GLSLExperiment\main.cpp(972,24): warning C4305: '*=': truncation from 'double' to 'GLfloat'
C:\Users\HuChi\Desktop\HocKiHe\2 Do Hoa May Tinh\BTL\BaiTHso3_2_project_Cube\GLSLExperiment\main.cpp(972,37): warning C4305: '*=': truncation from 'double' to 'GLfloat'
C:\Users\HuChi\Desktop\HocKiHe\2 Do Hoa May Tinh\BTL\BaiTHso3_2_project_Cube\GLSLExperiment\main.cpp(984,14): warning C4305: '=': truncation from 'double' to 'GLfloat'
C:\Users\HuChi\Desktop\HocKiHe\2 Do Hoa May Tinh\BTL\BaiTHso3_2_project_Cube\GLSLExperiment\main.cpp(1013,16): warning C4305: '+=': truncation from 'double' to 'GLfloat'
C:\Users\HuChi\Desktop\HocKiHe\2 Do Hoa May Tinh\BTL\BaiTHso3_2_project_Cube\GLSLExperiment\main.cpp(1015,17): warning C4305: '-=': truncation from 'double' to 'GLfloat'
C:\Users\HuChi\Desktop\HocKiHe\2 Do Hoa May Tinh\BTL\BaiTHso3_2_project_Cube\GLSLExperiment\main.cpp(1019,16): warning C4305: '-=': truncation from 'double' to 'GLfloat'
C:\Users\HuChi\Desktop\HocKiHe\2 Do Hoa May Tinh\BTL\BaiTHso3_2_project_Cube\GLSLExperiment\main.cpp(1020,32): warning C4305: '+=': truncation from 'double' to 'GLfloat'
C:\Users\HuChi\Desktop\HocKiHe\2 Do Hoa May Tinh\BTL\BaiTHso3_2_project_Cube\GLSLExperiment\main.cpp(1053,12): warning C4305: '+=': truncation from 'double' to 'GLfloat'
C:\Users\HuChi\Desktop\HocKiHe\2 Do Hoa May Tinh\BTL\BaiTHso3_2_project_Cube\GLSLExperiment\main.cpp(1054,13): warning C4305: '+=': truncation from 'double' to 'GLfloat'
C:\Users\HuChi\Desktop\HocKiHe\2 Do Hoa May Tinh\BTL\BaiTHso3_2_project_Cube\GLSLExperiment\main.cpp(1055,13): warning C4305: '+=': truncation from 'double' to 'GLfloat'
C:\Users\HuChi\Desktop\HocKiHe\2 Do Hoa May Tinh\BTL\BaiTHso3_2_project_Cube\GLSLExperiment\main.cpp(1056,13): warning C4305: '+=': truncation from 'double' to 'GLfloat'
C:\Users\HuChi\Desktop\HocKiHe\2 Do Hoa May Tinh\BTL\BaiTHso3_2_project_Cube\GLSLExperiment\main.cpp(1057,13): warning C4305: '+=': truncation from 'double' to 'GLfloat'
C:\Users\HuChi\Desktop\HocKiHe\2 Do Hoa May Tinh\BTL\BaiTHso3_2_project_Cube\GLSLExperiment\main.cpp(1058,13): warning C4305: '+=': truncation from 'double' to 'GLfloat'
C:\Users\HuChi\Desktop\HocKiHe\2 Do Hoa May Tinh\BTL\BaiTHso3_2_project_Cube\GLSLExperiment\main.cpp(1059,13): warning C4305: '+=': truncation from 'double' to 'GLfloat'
C:\Users\HuChi\Desktop\HocKiHe\2 Do Hoa May Tinh\BTL\BaiTHso3_2_project_Cube\GLSLExperiment\main.cpp(1060,13): warning C4305: '+=': truncation from 'double' to 'GLfloat'
C:\Users\HuChi\Desktop\HocKiHe\2 Do Hoa May Tinh\BTL\BaiTHso3_2_project_Cube\GLSLExperiment\main.cpp(1061,13): warning C4305: '+=': truncation from 'double' to 'GLfloat'
C:\Users\HuChi\Desktop\HocKiHe\2 Do Hoa May Tinh\BTL\BaiTHso3_2_project_Cube\GLSLExperiment\main.cpp(1068,13): warning C4305: '=': truncation from 'double' to 'GLfloat'
C:\Users\HuChi\Desktop\HocKiHe\2 Do Hoa May Tinh\BTL\BaiTHso3_2_project_Cube\GLSLExperiment\main.cpp(1072,13): warning C4305: '=': truncation from 'double' to 'GLfloat'
C:\Users\HuChi\Desktop\HocKiHe\2 Do Hoa May Tinh\BTL\BaiTHso3_2_project_Cube\GLSLExperiment\main.cpp(1076,14): warning C4305: '=': truncation from 'double' to 'GLfloat'
C:\Users\HuChi\Desktop\HocKiHe\2 Do Hoa May Tinh\BTL\BaiTHso3_2_project_Cube\GLSLExperiment\main.cpp(1080,13): warning C4305: '=': truncation from 'double' to 'GLfloat'
C:\Users\HuChi\Desktop\HocKiHe\2 Do Hoa May Tinh\BTL\BaiTHso3_2_project_Cube\GLSLExperiment\main.cpp(1084,13): warning C4305: '=': truncation from 'double' to 'GLfloat'
C:\Users\HuChi\Desktop\HocKiHe\2 Do Hoa May Tinh\BTL\BaiTHso3_2_project_Cube\GLSLExperiment\main.cpp(1088,13): warning C4305: '=': truncation from 'double' to 'GLfloat'
C:\Users\HuChi\Desktop\HocKiHe\2 Do Hoa May Tinh\BTL\BaiTHso3_2_project_Cube\GLSLExperiment\main.cpp(1092,13): warning C4305: '=': truncation from 'double' to 'GLfloat'
C:\Users\HuChi\Desktop\HocKiHe\2 Do Hoa May Tinh\BTL\BaiTHso3_2_project_Cube\GLSLExperiment\main.cpp(1098,12): warning C4305: '-=': truncation from 'double' to 'GLfloat'
main.obj : warning LNK4075: ignoring '/EDITANDCONTINUE' due to '/SAFESEH' specification
  GLSLExperiment.vcxproj -> C:\Users\HuChi\Desktop\HocKiHe\2 Do Hoa May Tinh\BTL\BaiTHso3_2_project_Cube\Debug\GLSLExperiment.exe
